[0401/145357.241:ERROR:process_memory_win.cc(73)] ReadMemory at 0x7ff777360000 of 64 bytes failed: Only part of a ReadProcessMemory or WriteProcessMemory request was completed. (0x12B)
[0401/145357.347:WARNING:pe_image_reader.cc(340)] could not read dos header from C:\Program Files (x86)\Google\Chrome\Application\chrome.exe
[0401/145357.347:ERROR:process_memory_win.cc(73)] ReadMemory at 0x7fff1bdc0000 of 64 bytes failed: Only part of a ReadProcessMemory or WriteProcessMemory request was completed. (0x12B)
[0401/145357.348:WARNING:pe_image_reader.cc(340)] could not read dos header from C:\WINDOWS\SYSTEM32\ntdll.dll
[0401/145357.348:ERROR:process_memory_win.cc(73)] ReadMemory at 0x7fff1a610000 of 64 bytes failed: Only part of a ReadProcessMemory or WriteProcessMemory request was completed. (0x12B)
[0401/145357.349:WARNING:pe_image_reader.cc(340)] could not read dos header from C:\WINDOWS\System32\KERNEL32.DLL
[0401/145357.349:ERROR:process_memory_win.cc(73)] ReadMemory at 0x7fff19930000 of 64 bytes failed: Only part of a ReadProcessMemory or WriteProcessMemory request was completed. (0x12B)
[0401/145357.349:WARNING:pe_image_reader.cc(340)] could not read dos header from C:\WINDOWS\System32\KERNELBASE.dll
[0401/145357.349:ERROR:process_memory_win.cc(73)] ReadMemory at 0x7ffeec560000 of 64 bytes failed: Only part of a ReadProcessMemory or WriteProcessMemory request was completed. (0x12B)
[0401/145357.349:WARNING:pe_image_reader.cc(340)] could not read dos header from C:\Program Files (x86)\Google\Chrome\Application\80.0.3987.149\chrome_elf.dll
[0401/145357.349:ERROR:process_memory_win.cc(73)] ReadMemory at 0x7fff08fc0000 of 64 bytes failed: Only part of a ReadProcessMemory or WriteProcessMemory request was completed. (0x12B)
[0401/145357.349:WARNING:pe_image_reader.cc(340)] could not read dos header from C:\WINDOWS\SYSTEM32\VERSION.dll
[0401/145357.349:ERROR:process_memory_win.cc(73)] ReadMemory at 0x7fff1a160000 of 64 bytes failed: Only part of a ReadProcessMemory or WriteProcessMemory request was completed. (0x12B)
[0401/145357.349:WARNING:pe_image_reader.cc(340)] could not read dos header from C:\WINDOWS\System32\msvcrt.dll
[0401/145357.349:ERROR:process_memory_win.cc(73)] ReadMemory at 0x7fff19c90000 of 64 bytes failed: Only part of a ReadProcessMemory or WriteProcessMemory request was completed. (0x12B)
[0401/145357.349:WARNING:pe_image_reader.cc(340)] could not read dos header from C:\WINDOWS\System32\bcryptPrimitives.dll
[0401/145357.349:ERROR:process_memory_win.cc(73)] ReadMemory at 0x7fff1a0a0000 of 64 bytes failed: Only part of a ReadProcessMemory or WriteProcessMemory request was completed. (0x12B)
[0401/145357.349:WARNING:pe_image_reader.cc(340)] could not read dos header from C:\WINDOWS\System32\ADVAPI32.dll
[0401/145357.349:ERROR:process_memory_win.cc(73)] ReadMemory at 0x7fff1a510000 of 64 bytes failed: Only part of a ReadProcessMemory or WriteProcessMemory request was completed. (0x12B)
[0401/145357.349:WARNING:pe_image_reader.cc(340)] could not read dos header from C:\WINDOWS\System32\sechost.dll
[0401/145357.349:ERROR:process_memory_win.cc(73)] ReadMemory at 0x246692e0000 of 64 bytes failed: Only part of a ReadProcessMemory or WriteProcessMemory request was completed. (0x12B)
[0401/145357.349:WARNING:pe_image_reader.cc(340)] could not read dos header from C:\WINDOWS\System32\RPCRT4.dll
[0401/145357.349:ERROR:process_memory_win.cc(73)] ReadMemory at 0x7ffeb4ea0000 of 64 bytes failed: Only part of a ReadProcessMemory or WriteProcessMemory request was completed. (0x12B)
[0401/145357.349:WARNING:pe_image_reader.cc(340)] could not read dos header from C:\Program Files (x86)\Google\Chrome\Application\80.0.3987.149\chrome.dll
[0401/145357.349:ERROR:process_memory_win.cc(73)] ReadMemory at 0x7fff1b990000 of 64 bytes failed: Only part of a ReadProcessMemory or WriteProcessMemory request was completed. (0x12B)
[0401/145357.349:WARNING:pe_image_reader.cc(340)] could not read dos header from C:\WINDOWS\System32\WS2_32.dll
[0401/145357.349:ERROR:process_memory_win.cc(73)] ReadMemory at 0x7fff1bc30000 of 64 bytes failed: Only part of a ReadProcessMemory or WriteProcessMemory request was completed. (0x12B)
[0401/145357.350:WARNING:pe_image_reader.cc(340)] could not read dos header from C:\WINDOWS\System32\OLEAUT32.dll
[0401/145357.350:ERROR:process_memory_win.cc(73)] ReadMemory at 0x7fff18ea0000 of 64 bytes failed: Only part of a ReadProcessMemory or WriteProcessMemory request was completed. (0x12B)
[0401/145357.350:WARNING:pe_image_reader.cc(340)] could not read dos header from C:\WINDOWS\System32\msvcp_win.dll
[0401/145357.350:ERROR:process_memory_win.cc(73)] ReadMemory at 0x7fff19d10000 of 64 bytes failed: Only part of a ReadProcessMemory or WriteProcessMemory request was completed. (0x12B)
[0401/145357.350:WARNING:pe_image_reader.cc(340)] could not read dos header from C:\WINDOWS\System32\ucrtbase.dll
[0401/145357.350:ERROR:process_memory_win.cc(73)] ReadMemory at 0x7fff1b4b0000 of 64 bytes failed: Only part of a ReadProcessMemory or WriteProcessMemory request was completed. (0x12B)
[0401/145357.350:WARNING:pe_image_reader.cc(340)] could not read dos header from C:\WINDOWS\System32\combase.dll
[0401/145357.350:ERROR:process_memory_win.cc(73)] ReadMemory at 0x7fff196c0000 of 64 bytes failed: Only part of a ReadProcessMemory or WriteProcessMemory request was completed. (0x12B)
[0401/145357.350:WARNING:pe_image_reader.cc(340)] could not read dos header from C:\WINDOWS\System32\WINTRUST.dll
[0401/145357.350:ERROR:process_memory_win.cc(73)] ReadMemory at 0x7fff18cc0000 of 64 bytes failed: Only part of a ReadProcessMemory or WriteProcessMemory request was completed. (0x12B)
[0401/145357.350:WARNING:pe_image_reader.cc(340)] could not read dos header from C:\WINDOWS\System32\MSASN1.dll
[0401/145357.350:ERROR:process_memory_win.cc(73)] ReadMemory at 0x7fff18d50000 of 64 bytes failed: Only part of a ReadProcessMemory or WriteProcessMemory request was completed. (0x12B)
[0401/145357.350:WARNING:pe_image_reader.cc(340)] could not read dos header from C:\WINDOWS\System32\CRYPT32.dll
[0401/145357.350:ERROR:process_memory_win.cc(73)] ReadMemory at 0x7fff181a0000 of 64 bytes failed: Only part of a ReadProcessMemory or WriteProcessMemory request was completed. (0x12B)
[0401/145357.350:WARNING:pe_image_reader.cc(340)] could not read dos header from C:\WINDOWS\SYSTEM32\IPHLPAPI.DLL
[0401/145357.350:ERROR:process_memory_win.cc(73)] ReadMemory at 0x7fff16b00000 of 64 bytes failed: Only part of a ReadProcessMemory or WriteProcessMemory request was completed. (0x12B)
[0401/145357.350:WARNING:pe_image_reader.cc(340)] could not read dos header from C:\WINDOWS\SYSTEM32\WINMM.dll
[0401/145357.350:ERROR:process_memory_win.cc(73)] ReadMemory at 0x7fff04320000 of 64 bytes failed: Only part of a ReadProcessMemory or WriteProcessMemory request was completed. (0x12B)
[0401/145357.350:WARNING:pe_image_reader.cc(340)] could not read dos header from C:\WINDOWS\SYSTEM32\Secur32.dll
[0401/145357.350:ERROR:process_memory_win.cc(73)] ReadMemory at 0x7fff18ba0000 of 64 bytes failed: Only part of a ReadProcessMemory or WriteProcessMemory request was completed. (0x12B)
[0401/145357.350:WARNING:pe_image_reader.cc(340)] could not read dos header from C:\WINDOWS\SYSTEM32\USERENV.dll
[0401/145357.350:ERROR:process_memory_win.cc(73)] ReadMemory at 0x7fff18c90000 of 64 bytes failed: Only part of a ReadProcessMemory or WriteProcessMemory request was completed. (0x12B)
[0401/145357.350:WARNING:pe_image_reader.cc(340)] could not read dos header from C:\WINDOWS\System32\profapi.dll
[0401/145357.350:ERROR:process_memory_win.cc(73)] ReadMemory at 0x7ffef60a0000 of 64 bytes failed: Only part of a ReadProcessMemory or WriteProcessMemory request was completed. (0x12B)
[0401/145357.350:WARNING:pe_image_reader.cc(340)] could not read dos header from C:\WINDOWS\SYSTEM32\UIAutomationCore.DLL
[0401/145357.350:ERROR:process_memory_win.cc(73)] ReadMemory at 0x7fff09cd0000 of 64 bytes failed: Only part of a ReadProcessMemory or WriteProcessMemory request was completed. (0x12B)
[0401/145357.350:WARNING:pe_image_reader.cc(340)] could not read dos header from C:\WINDOWS\SYSTEM32\DWrite.dll
[0401/145357.350:ERROR:process_memory_win.cc(73)] ReadMemory at 0x7fff02300000 of 64 bytes failed: Only part of a ReadProcessMemory or WriteProcessMemory request was completed. (0x12B)
[0401/145357.350:WARNING:pe_image_reader.cc(340)] could not read dos header from C:\WINDOWS\SYSTEM32\WINSPOOL.DRV
[0401/145357.351:ERROR:process_memory_win.cc(73)] ReadMemory at 0x7fff18ce0000 of 64 bytes failed: Only part of a ReadProcessMemory or WriteProcessMemory request was completed. (0x12B)
[0401/145357.351:WARNING:pe_image_reader.cc(340)] could not read dos header from C:\WINDOWS\System32\kernel.appcore.dll
[0401/145357.351:ERROR:process_memory_win.cc(73)] ReadMemory at 0x7fff19e40000 of 64 bytes failed: Only part of a ReadProcessMemory or WriteProcessMemory request was completed. (0x12B)
[0401/145357.351:WARNING:pe_image_reader.cc(340)] could not read dos header from C:\WINDOWS\System32\bcrypt.dll
[0401/145357.351:ERROR:process_memory_win.cc(73)] ReadMemory at 0x7fff17940000 of 64 bytes failed: Only part of a ReadProcessMemory or WriteProcessMemory request was completed. (0x12B)
[0401/145357.351:WARNING:pe_image_reader.cc(340)] could not read dos header from C:\WINDOWS\SYSTEM32\dbghelp.dll
[0401/145357.351:ERROR:process_memory_win.cc(73)] ReadMemory at 0x7fff11890000 of 64 bytes failed: Only part of a ReadProcessMemory or WriteProcessMemory request was completed. (0x12B)
[0401/145357.351:WARNING:pe_image_reader.cc(340)] could not read dos header from C:\WINDOWS\SYSTEM32\WINHTTP.dll
[0401/145357.351:ERROR:process_memory_win.cc(73)] ReadMemory at 0x7fff123f0000 of 64 bytes failed: Only part of a ReadProcessMemory or WriteProcessMemory request was completed. (0x12B)
[0401/145357.351:WARNING:pe_image_reader.cc(340)] could not read dos header from C:\WINDOWS\SYSTEM32\dhcpcsvc.DLL
[0401/145357.351:ERROR:process_memory_win.cc(73)] ReadMemory at 0x7fff19e70000 of 64 bytes failed: Only part of a ReadProcessMemory or WriteProcessMemory request was completed. (0x12B)
[0401/145357.351:WARNING:pe_image_reader.cc(340)] could not read dos header from C:\WINDOWS\System32\NSI.dll
[0401/145357.351:ERROR:process_memory_win.cc(73)] ReadMemory at 0x7fff16ad0000 of 64 bytes failed: Only part of a ReadProcessMemory or WriteProcessMemory request was completed. (0x12B)
[0401/145357.351:WARNING:pe_image_reader.cc(340)] could not read dos header from C:\WINDOWS\SYSTEM32\WINMMBASE.dll
[0401/145357.351:ERROR:process_memory_win.cc(73)] ReadMemory at 0x7fff198e0000 of 64 bytes failed: Only part of a ReadProcessMemory or WriteProcessMemory request was completed. (0x12B)
[0401/145357.351:WARNING:pe_image_reader.cc(340)] could not read dos header from C:\WINDOWS\System32\cfgmgr32.dll
[0401/145357.351:ERROR:process_memory_win.cc(73)] ReadMemory at 0x7fff15350000 of 64 bytes failed: Only part of a ReadProcessMemory or WriteProcessMemory request was completed. (0x12B)
[0401/145357.351:WARNING:pe_image_reader.cc(340)] could not read dos header from C:\WINDOWS\SYSTEM32\PROPSYS.dll
[0401/145357.351:ERROR:process_memory_win.cc(73)] ReadMemory at 0x7fff1ba00000 of 64 bytes failed: Only part of a ReadProcessMemory or WriteProcessMemory request was completed. (0x12B)
[0401/145357.351:WARNING:pe_image_reader.cc(340)] could not read dos header from C:\WINDOWS\System32\shcore.dll
[0401/145357.351:ERROR:process_memory_win.cc(73)] ReadMemory at 0x7fff18b70000 of 64 bytes failed: Only part of a ReadProcessMemory or WriteProcessMemory request was completed. (0x12B)
[0401/145357.351:WARNING:pe_image_reader.cc(340)] could not read dos header from C:\WINDOWS\SYSTEM32\SSPICLI.DLL
[0401/145357.351:ERROR:process_memory_win.cc(73)] ReadMemory at 0x7fff18660000 of 64 bytes failed: Only part of a ReadProcessMemory or WriteProcessMemory request was completed. (0x12B)
[0401/145357.351:WARNING:pe_image_reader.cc(340)] could not read dos header from C:\WINDOWS\SYSTEM32\CRYPTBASE.DLL
[0401/145357.351:ERROR:process_memory_win.cc(73)] ReadMemory at 0x7ff777360000 of 64 bytes failed: Only part of a ReadProcessMemory or WriteProcessMemory request was completed. (0x12B)
[0401/145357.351:WARNING:pe_image_reader.cc(340)] could not read dos header from C:\Program Files (x86)\Google\Chrome\Application\chrome.exe
[0401/145357.351:ERROR:process_memory_win.cc(73)] ReadMemory at 0x7fff1bdc0000 of 64 bytes failed: Only part of a ReadProcessMemory or WriteProcessMemory request was completed. (0x12B)
[0401/145357.351:WARNING:pe_image_reader.cc(340)] could not read dos header from C:\WINDOWS\SYSTEM32\ntdll.dll
[0401/145357.351:ERROR:process_memory_win.cc(73)] ReadMemory at 0x7fff1a610000 of 64 bytes failed: Only part of a ReadProcessMemory or WriteProcessMemory request was completed. (0x12B)
[0401/145357.351:WARNING:pe_image_reader.cc(340)] could not read dos header from C:\WINDOWS\System32\KERNEL32.DLL
[0401/145357.351:ERROR:process_memory_win.cc(73)] ReadMemory at 0x7fff19930000 of 64 bytes failed: Only part of a ReadProcessMemory or WriteProcessMemory request was completed. (0x12B)
[0401/145357.351:WARNING:pe_image_reader.cc(340)] could not read dos header from C:\WINDOWS\System32\KERNELBASE.dll
[0401/145357.351:ERROR:process_memory_win.cc(73)] ReadMemory at 0x7ffeec560000 of 64 bytes failed: Only part of a ReadProcessMemory or WriteProcessMemory request was completed. (0x12B)
[0401/145357.351:WARNING:pe_image_reader.cc(340)] could not read dos header from C:\Program Files (x86)\Google\Chrome\Application\80.0.3987.149\chrome_elf.dll
[0401/145357.351:ERROR:process_memory_win.cc(73)] ReadMemory at 0x7fff08fc0000 of 64 bytes failed: Only part of a ReadProcessMemory or WriteProcessMemory request was completed. (0x12B)
[0401/145357.351:WARNING:pe_image_reader.cc(340)] could not read dos header from C:\WINDOWS\SYSTEM32\VERSION.dll
[0401/145357.351:ERROR:process_memory_win.cc(73)] ReadMemory at 0x7fff1a160000 of 64 bytes failed: Only part of a ReadProcessMemory or WriteProcessMemory request was completed. (0x12B)
[0401/145357.351:WARNING:pe_image_reader.cc(340)] could not read dos header from C:\WINDOWS\System32\msvcrt.dll
[0401/145357.352:ERROR:process_memory_win.cc(73)] ReadMemory at 0x7fff19c90000 of 64 bytes failed: Only part of a ReadProcessMemory or WriteProcessMemory request was completed. (0x12B)
[0401/145357.352:WARNING:pe_image_reader.cc(340)] could not read dos header from C:\WINDOWS\System32\bcryptPrimitives.dll
[0401/145357.352:ERROR:process_memory_win.cc(73)] ReadMemory at 0x7fff1a0a0000 of 64 bytes failed: Only part of a ReadProcessMemory or WriteProcessMemory request was completed. (0x12B)
[0401/145357.352:WARNING:pe_image_reader.cc(340)] could not read dos header from C:\WINDOWS\System32\ADVAPI32.dll
[0401/145357.352:ERROR:process_memory_win.cc(73)] ReadMemory at 0x7fff1a510000 of 64 bytes failed: Only part of a ReadProcessMemory or WriteProcessMemory request was completed. (0x12B)
[0401/145357.352:WARNING:pe_image_reader.cc(340)] could not read dos header from C:\WINDOWS\System32\sechost.dll
[0401/145357.352:ERROR:process_memory_win.cc(73)] ReadMemory at 0x246692e0000 of 64 bytes failed: Only part of a ReadProcessMemory or WriteProcessMemory request was completed. (0x12B)
[0401/145357.352:WARNING:pe_image_reader.cc(340)] could not read dos header from C:\WINDOWS\System32\RPCRT4.dll
[0401/145357.352:ERROR:process_memory_win.cc(73)] ReadMemory at 0x7ffeb4ea0000 of 64 bytes failed: Only part of a ReadProcessMemory or WriteProcessMemory request was completed. (0x12B)
[0401/145357.352:WARNING:pe_image_reader.cc(340)] could not read dos header from C:\Program Files (x86)\Google\Chrome\Application\80.0.3987.149\chrome.dll
[0401/145357.352:ERROR:process_memory_win.cc(73)] ReadMemory at 0x7fff1b990000 of 64 bytes failed: Only part of a ReadProcessMemory or WriteProcessMemory request was completed. (0x12B)
[0401/145357.352:WARNING:pe_image_reader.cc(340)] could not read dos header from C:\WINDOWS\System32\WS2_32.dll
[0401/145357.352:ERROR:process_memory_win.cc(73)] ReadMemory at 0x7fff1bc30000 of 64 bytes failed: Only part of a ReadProcessMemory or WriteProcessMemory request was completed. (0x12B)
[0401/145357.352:WARNING:pe_image_reader.cc(340)] could not read dos header from C:\WINDOWS\System32\OLEAUT32.dll
[0401/145357.352:ERROR:process_memory_win.cc(73)] ReadMemory at 0x7fff18ea0000 of 64 bytes failed: Only part of a ReadProcessMemory or WriteProcessMemory request was completed. (0x12B)
[0401/145357.352:WARNING:pe_image_reader.cc(340)] could not read dos header from C:\WINDOWS\System32\msvcp_win.dll
[0401/145357.352:ERROR:process_memory_win.cc(73)] ReadMemory at 0x7fff19d10000 of 64 bytes failed: Only part of a ReadProcessMemory or WriteProcessMemory request was completed. (0x12B)
[0401/145357.352:WARNING:pe_image_reader.cc(340)] could not read dos header from C:\WINDOWS\System32\ucrtbase.dll
[0401/145357.352:ERROR:process_memory_win.cc(73)] ReadMemory at 0x7fff1b4b0000 of 64 bytes failed: Only part of a ReadProcessMemory or WriteProcessMemory request was completed. (0x12B)
[0401/145357.352:WARNING:pe_image_reader.cc(340)] could not read dos header from C:\WINDOWS\System32\combase.dll
[0401/145357.352:ERROR:process_memory_win.cc(73)] ReadMemory at 0x7fff196c0000 of 64 bytes failed: Only part of a ReadProcessMemory or WriteProcessMemory request was completed. (0x12B)
[0401/145357.352:WARNING:pe_image_reader.cc(340)] could not read dos header from C:\WINDOWS\System32\WINTRUST.dll
[0401/145357.352:ERROR:process_memory_win.cc(73)] ReadMemory at 0x7fff18cc0000 of 64 bytes failed: Only part of a ReadProcessMemory or WriteProcessMemory request was completed. (0x12B)
[0401/145357.352:WARNING:pe_image_reader.cc(340)] could not read dos header from C:\WINDOWS\System32\MSASN1.dll
[0401/145357.352:ERROR:process_memory_win.cc(73)] ReadMemory at 0x7fff18d50000 of 64 bytes failed: Only part of a ReadProcessMemory or WriteProcessMemory request was completed. (0x12B)
[0401/145357.352:WARNING:pe_image_reader.cc(340)] could not read dos header from C:\WINDOWS\System32\CRYPT32.dll
[0401/145357.352:ERROR:process_memory_win.cc(73)] ReadMemory at 0x7fff181a0000 of 64 bytes failed: Only part of a ReadProcessMemory or WriteProcessMemory request was completed. (0x12B)
[0401/145357.352:WARNING:pe_image_reader.cc(340)] could not read dos header from C:\WINDOWS\SYSTEM32\IPHLPAPI.DLL
[0401/145357.352:ERROR:process_memory_win.cc(73)] ReadMemory at 0x7fff16b00000 of 64 bytes failed: Only part of a ReadProcessMemory or WriteProcessMemory request was completed. (0x12B)
[0401/145357.352:WARNING:pe_image_reader.cc(340)] could not read dos header from C:\WINDOWS\SYSTEM32\WINMM.dll
[0401/145357.352:ERROR:process_memory_win.cc(73)] ReadMemory at 0x7fff04320000 of 64 bytes failed: Only part of a ReadProcessMemory or WriteProcessMemory request was completed. (0x12B)
[0401/145357.352:WARNING:pe_image_reader.cc(340)] could not read dos header from C:\WINDOWS\SYSTEM32\Secur32.dll
[0401/145357.352:ERROR:process_memory_win.cc(73)] ReadMemory at 0x7fff18ba0000 of 64 bytes failed: Only part of a ReadProcessMemory or WriteProcessMemory request was completed. (0x12B)
[0401/145357.352:WARNING:pe_image_reader.cc(340)] could not read dos header from C:\WINDOWS\SYSTEM32\USERENV.dll
[0401/145357.352:ERROR:process_memory_win.cc(73)] ReadMemory at 0x7fff18c90000 of 64 bytes failed: Only part of a ReadProcessMemory or WriteProcessMemory request was completed. (0x12B)
[0401/145357.352:WARNING:pe_image_reader.cc(340)] could not read dos header from C:\WINDOWS\System32\profapi.dll
[0401/145357.352:ERROR:process_memory_win.cc(73)] ReadMemory at 0x7ffef60a0000 of 64 bytes failed: Only part of a ReadProcessMemory or WriteProcessMemory request was completed. (0x12B)
[0401/145357.353:WARNING:pe_image_reader.cc(340)] could not read dos header from C:\WINDOWS\SYSTEM32\UIAutomationCore.DLL
[0401/145357.353:ERROR:process_memory_win.cc(73)] ReadMemory at 0x7fff09cd0000 of 64 bytes failed: Only part of a ReadProcessMemory or WriteProcessMemory request was completed. (0x12B)
[0401/145357.353:WARNING:pe_image_reader.cc(340)] could not read dos header from C:\WINDOWS\SYSTEM32\DWrite.dll
[0401/145357.353:ERROR:process_memory_win.cc(73)] ReadMemory at 0x7fff02300000 of 64 bytes failed: Only part of a ReadProcessMemory or WriteProcessMemory request was completed. (0x12B)
[0401/145357.353:WARNING:pe_image_reader.cc(340)] could not read dos header from C:\WINDOWS\SYSTEM32\WINSPOOL.DRV
[0401/145357.353:ERROR:process_memory_win.cc(73)] ReadMemory at 0x7fff18ce0000 of 64 bytes failed: Only part of a ReadProcessMemory or WriteProcessMemory request was completed. (0x12B)
[0401/145357.353:WARNING:pe_image_reader.cc(340)] could not read dos header from C:\WINDOWS\System32\kernel.appcore.dll
[0401/145357.353:ERROR:process_memory_win.cc(73)] ReadMemory at 0x7fff19e40000 of 64 bytes failed: Only part of a ReadProcessMemory or WriteProcessMemory request was completed. (0x12B)
[0401/145357.353:WARNING:pe_image_reader.cc(340)] could not read dos header from C:\WINDOWS\System32\bcrypt.dll
[0401/145357.353:ERROR:process_memory_win.cc(73)] ReadMemory at 0x7fff17940000 of 64 bytes failed: Only part of a ReadProcessMemory or WriteProcessMemory request was completed. (0x12B)
[0401/145357.353:WARNING:pe_image_reader.cc(340)] could not read dos header from C:\WINDOWS\SYSTEM32\dbghelp.dll
[0401/145357.353:ERROR:process_memory_win.cc(73)] ReadMemory at 0x7fff11890000 of 64 bytes failed: Only part of a ReadProcessMemory or WriteProcessMemory request was completed. (0x12B)
[0401/145357.353:WARNING:pe_image_reader.cc(340)] could not read dos header from C:\WINDOWS\SYSTEM32\WINHTTP.dll
[0401/145357.353:ERROR:process_memory_win.cc(73)] ReadMemory at 0x7fff123f0000 of 64 bytes failed: Only part of a ReadProcessMemory or WriteProcessMemory request was completed. (0x12B)
[0401/145357.353:WARNING:pe_image_reader.cc(340)] could not read dos header from C:\WINDOWS\SYSTEM32\dhcpcsvc.DLL
[0401/145357.353:ERROR:process_memory_win.cc(73)] ReadMemory at 0x7fff19e70000 of 64 bytes failed: Only part of a ReadProcessMemory or WriteProcessMemory request was completed. (0x12B)
[0401/145357.353:WARNING:pe_image_reader.cc(340)] could not read dos header from C:\WINDOWS\System32\NSI.dll
[0401/145357.353:ERROR:process_memory_win.cc(73)] ReadMemory at 0x7fff16ad0000 of 64 bytes failed: Only part of a ReadProcessMemory or WriteProcessMemory request was completed. (0x12B)
[0401/145357.353:WARNING:pe_image_reader.cc(340)] could not read dos header from C:\WINDOWS\SYSTEM32\WINMMBASE.dll
[0401/145357.353:ERROR:process_memory_win.cc(73)] ReadMemory at 0x7fff198e0000 of 64 bytes failed: Only part of a ReadProcessMemory or WriteProcessMemory request was completed. (0x12B)
[0401/145357.353:WARNING:pe_image_reader.cc(340)] could not read dos header from C:\WINDOWS\System32\cfgmgr32.dll
[0401/145357.353:ERROR:process_memory_win.cc(73)] ReadMemory at 0x7fff15350000 of 64 bytes failed: Only part of a ReadProcessMemory or WriteProcessMemory request was completed. (0x12B)
[0401/145357.353:WARNING:pe_image_reader.cc(340)] could not read dos header from C:\WINDOWS\SYSTEM32\PROPSYS.dll
[0401/145357.353:ERROR:process_memory_win.cc(73)] ReadMemory at 0x7fff1ba00000 of 64 bytes failed: Only part of a ReadProcessMemory or WriteProcessMemory request was completed. (0x12B)
[0401/145357.353:WARNING:pe_image_reader.cc(340)] could not read dos header from C:\WINDOWS\System32\shcore.dll
[0401/145357.353:ERROR:process_memory_win.cc(73)] ReadMemory at 0x7fff18b70000 of 64 bytes failed: Only part of a ReadProcessMemory or WriteProcessMemory request was completed. (0x12B)
[0401/145357.353:WARNING:pe_image_reader.cc(340)] could not read dos header from C:\WINDOWS\SYSTEM32\SSPICLI.DLL
[0401/145357.353:ERROR:process_memory_win.cc(73)] ReadMemory at 0x7fff18660000 of 64 bytes failed: Only part of a ReadProcessMemory or WriteProcessMemory request was completed. (0x12B)
[0401/145357.353:WARNING:pe_image_reader.cc(340)] could not read dos header from C:\WINDOWS\SYSTEM32\CRYPTBASE.DLL
[0401/145357.363:ERROR:process_memory_win.cc(73)] ReadMemory at 0xe45cded000 of 77824 bytes failed: Only part of a ReadProcessMemory or WriteProcessMemory request was completed. (0x12B)
[0401/145357.363:ERROR:process_memory_win.cc(73)] ReadMemory at 0xe45d5fd000 of 12288 bytes failed: Only part of a ReadProcessMemory or WriteProcessMemory request was completed. (0x12B)
[0401/145357.363:ERROR:process_memory_win.cc(73)] ReadMemory at 0xe45e5fc000 of 16384 bytes failed: Only part of a ReadProcessMemory or WriteProcessMemory request was completed. (0x12B)
[0401/145357.364:ERROR:process_memory_win.cc(73)] ReadMemory at 0xe45edfc000 of 16384 bytes failed: Only part of a ReadProcessMemory or WriteProcessMemory request was completed. (0x12B)
[0401/145357.364:ERROR:process_memory_win.cc(73)] ReadMemory at 0xe45f5fe000 of 8192 bytes failed: Only part of a ReadProcessMemory or WriteProcessMemory request was completed. (0x12B)
[0401/145357.364:ERROR:process_memory_win.cc(73)] ReadMemory at 0xe45fdfd000 of 12288 bytes failed: Only part of a ReadProcessMemory or WriteProcessMemory request was completed. (0x12B)
[0401/145357.364:ERROR:process_memory_win.cc(73)] ReadMemory at 0xe4605fb000 of 20480 bytes failed: Only part of a ReadProcessMemory or WriteProcessMemory request was completed. (0x12B)
[0401/145357.391:ERROR:process_memory_win.cc(73)] ReadMemory at 0xe4615fd000 of 12288 bytes failed: Only part of a ReadProcessMemory or WriteProcessMemory request was completed. (0x12B)
[0401/145357.391:ERROR:process_memory_win.cc(73)] ReadMemory at 0xe461df6000 of 40960 bytes failed: Only part of a ReadProcessMemory or WriteProcessMemory request was completed. (0x12B)
[0401/145357.391:ERROR:process_memory_win.cc(73)] ReadMemory at 0xe4625f6000 of 40960 bytes failed: Only part of a ReadProcessMemory or WriteProcessMemory request was completed. (0x12B)
[0401/145357.391:ERROR:process_memory_win.cc(73)] ReadMemory at 0xe462dfd000 of 12288 bytes failed: Only part of a ReadProcessMemory or WriteProcessMemory request was completed. (0x12B)
[0401/145357.391:ERROR:process_memory_win.cc(73)] ReadMemory at 0xe45ddfd000 of 12288 bytes failed: Only part of a ReadProcessMemory or WriteProcessMemory request was completed. (0x12B)
[0401/145357.391:ERROR:process_memory_win.cc(73)] ReadMemory at 0xe4635fd000 of 12288 bytes failed: Only part of a ReadProcessMemory or WriteProcessMemory request was completed. (0x12B)
[0401/145357.391:ERROR:process_memory_win.cc(73)] ReadMemory at 0xe460dfe000 of 8192 bytes failed: Only part of a ReadProcessMemory or WriteProcessMemory request was completed. (0x12B)
[0401/145357.391:ERROR:process_memory_win.cc(73)] ReadMemory at 0xe45c4c0000 of 1312 bytes failed: Only part of a ReadProcessMemory or WriteProcessMemory request was completed. (0x12B)
[0401/145357.391:ERROR:process_memory_win.cc(73)] ReadMemory at 0xe45c4c1000 of 6024 bytes failed: Only part of a ReadProcessMemory or WriteProcessMemory request was completed. (0x12B)
[0401/145357.391:ERROR:process_memory_win.cc(73)] ReadMemory at 0xe45c4c3000 of 6024 bytes failed: Only part of a ReadProcessMemory or WriteProcessMemory request was completed. (0x12B)
[0401/145357.392:ERROR:process_memory_win.cc(73)] ReadMemory at 0xe45c4c7000 of 6024 bytes failed: Only part of a ReadProcessMemory or WriteProcessMemory request was completed. (0x12B)
[0401/145357.392:ERROR:process_memory_win.cc(73)] ReadMemory at 0xe45c4c9000 of 6024 bytes failed: Only part of a ReadProcessMemory or WriteProcessMemory request was completed. (0x12B)
[0401/145357.392:ERROR:process_memory_win.cc(73)] ReadMemory at 0xe45c4cb000 of 6024 bytes failed: Only part of a ReadProcessMemory or WriteProcessMemory request was completed. (0x12B)
[0401/145357.392:ERROR:process_memory_win.cc(73)] ReadMemory at 0xe45c4cd000 of 6024 bytes failed: Only part of a ReadProcessMemory or WriteProcessMemory request was completed. (0x12B)
[0401/145357.392:ERROR:process_memory_win.cc(73)] ReadMemory at 0xe45c4cf000 of 6024 bytes failed: Only part of a ReadProcessMemory or WriteProcessMemory request was completed. (0x12B)
[0401/145357.392:ERROR:process_memory_win.cc(73)] ReadMemory at 0xe45c4d3000 of 6024 bytes failed: Only part of a ReadProcessMemory or WriteProcessMemory request was completed. (0x12B)
[0401/145357.392:ERROR:process_memory_win.cc(73)] ReadMemory at 0xe45c4d5000 of 6024 bytes failed: Only part of a ReadProcessMemory or WriteProcessMemory request was completed. (0x12B)
[0401/145357.392:ERROR:process_memory_win.cc(73)] ReadMemory at 0xe45c4d7000 of 6024 bytes failed: Only part of a ReadProcessMemory or WriteProcessMemory request was completed. (0x12B)
[0401/145357.392:ERROR:process_memory_win.cc(73)] ReadMemory at 0xe45c4d9000 of 6024 bytes failed: Only part of a ReadProcessMemory or WriteProcessMemory request was completed. (0x12B)
[0401/145357.392:ERROR:process_memory_win.cc(73)] ReadMemory at 0xe45c4e1000 of 6024 bytes failed: Only part of a ReadProcessMemory or WriteProcessMemory request was completed. (0x12B)
[0401/145357.392:ERROR:process_memory_win.cc(73)] ReadMemory at 0xe45c521000 of 6024 bytes failed: Only part of a ReadProcessMemory or WriteProcessMemory request was completed. (0x12B)
[0401/145357.392:ERROR:process_memory_win.cc(73)] ReadMemory at 0xe45c523000 of 6024 bytes failed: Only part of a ReadProcessMemory or WriteProcessMemory request was completed. (0x12B)
[0401/145357.392:ERROR:process_memory_win.cc(73)] ReadMemory at 0x24669120fe0 of 5596 bytes failed: Only part of a ReadProcessMemory or WriteProcessMemory request was completed. (0x12B)
[0401/145357.392:ERROR:process_memory_win.cc(73)] ReadMemory at 0x246691225d0 of 1012 bytes failed: Only part of a ReadProcessMemory or WriteProcessMemory request was completed. (0x12B)
[0401/145357.392:ERROR:process_memory_win.cc(73)] ReadMemory at 0x24669122c18 of 118 bytes failed: Only part of a ReadProcessMemory or WriteProcessMemory request was completed. (0x12B)
[0401/145357.392:ERROR:process_memory_win.cc(73)] ReadMemory at 0x24669122c90 of 760 bytes failed: Only part of a ReadProcessMemory or WriteProcessMemory request was completed. (0x12B)
[0401/145357.393:ERROR:process_memory_win.cc(73)] ReadMemory at 0x24669122f8a of 118 bytes failed: Only part of a ReadProcessMemory or WriteProcessMemory request was completed. (0x12B)
[0401/145357.393:ERROR:process_memory_win.cc(73)] ReadMemory at 0x24669123002 of 96 bytes failed: Only part of a ReadProcessMemory or WriteProcessMemory request was completed. (0x12B)
[0401/145357.393:ERROR:process_memory_win.cc(73)] ReadMemory at 0x24669123070 of 58 bytes failed: Only part of a ReadProcessMemory or WriteProcessMemory request was completed. (0x12B)
[0401/145357.393:ERROR:process_memory_win.cc(73)] ReadMemory at 0x24669123170 of 132 bytes failed: Only part of a ReadProcessMemory or WriteProcessMemory request was completed. (0x12B)
[0401/145357.393:ERROR:process_memory_win.cc(73)] ReadMemory at 0x24669123300 of 132 bytes failed: Only part of a ReadProcessMemory or WriteProcessMemory request was completed. (0x12B)
[0401/145357.393:ERROR:process_memory_win.cc(73)] ReadMemory at 0x246691234c0 of 126 bytes failed: Only part of a ReadProcessMemory or WriteProcessMemory request was completed. (0x12B)
[0401/145357.393:ERROR:process_memory_win.cc(73)] ReadMemory at 0x246691238a0 of 132 bytes failed: Only part of a ReadProcessMemory or WriteProcessMemory request was completed. (0x12B)
[0401/145357.393:ERROR:process_memory_win.cc(73)] ReadMemory at 0x24669123a30 of 64 bytes failed: Only part of a ReadProcessMemory or WriteProcessMemory request was completed. (0x12B)
[0401/145357.393:ERROR:process_memory_win.cc(73)] ReadMemory at 0x24669123a80 of 132 bytes failed: Only part of a ReadProcessMemory or WriteProcessMemory request was completed. (0x12B)
[0401/145357.393:ERROR:process_memory_win.cc(73)] ReadMemory at 0x24669123bf0 of 132 bytes failed: Only part of a ReadProcessMemory or WriteProcessMemory request was completed. (0x12B)
[0401/145357.393:ERROR:process_memory_win.cc(73)] ReadMemory at 0x24669123e90 of 132 bytes failed: Only part of a ReadProcessMemory or WriteProcessMemory request was completed. (0x12B)
[0401/145357.417:ERROR:process_memory_win.cc(73)] ReadMemory at 0x24669124030 of 68 bytes failed: Only part of a ReadProcessMemory or WriteProcessMemory request was completed. (0x12B)
[0401/145357.464:ERROR:process_memory_win.cc(73)] ReadMemory at 0x24669125020 of 146 bytes failed: Only part of a ReadProcessMemory or WriteProcessMemory request was completed. (0x12B)
[0401/145357.464:ERROR:process_memory_win.cc(73)] ReadMemory at 0x24669125100 of 132 bytes failed: Only part of a ReadProcessMemory or WriteProcessMemory request was completed. (0x12B)
[0401/145357.464:ERROR:process_memory_win.cc(73)] ReadMemory at 0x24669125290 of 154 bytes failed: Only part of a ReadProcessMemory or WriteProcessMemory request was completed. (0x12B)
[0401/145357.464:ERROR:process_memory_win.cc(73)] ReadMemory at 0x24669126220 of 132 bytes failed: Only part of a ReadProcessMemory or WriteProcessMemory request was completed. (0x12B)
[0401/145357.464:ERROR:process_memory_win.cc(73)] ReadMemory at 0x246691263b0 of 60 bytes failed: Only part of a ReadProcessMemory or WriteProcessMemory request was completed. (0x12B)
[0401/145357.464:ERROR:process_memory_win.cc(73)] ReadMemory at 0x24669126f60 of 62 bytes failed: Only part of a ReadProcessMemory or WriteProcessMemory request was completed. (0x12B)
[0401/145357.465:ERROR:process_memory_win.cc(73)] ReadMemory at 0x2466912a250 of 132 bytes failed: Only part of a ReadProcessMemory or WriteProcessMemory request was completed. (0x12B)
[0401/145357.467:ERROR:process_memory_win.cc(73)] ReadMemory at 0x2466912a380 of 132 bytes failed: Only part of a ReadProcessMemory or WriteProcessMemory request was completed. (0x12B)
[0401/145357.467:ERROR:process_memory_win.cc(73)] ReadMemory at 0x2466912a510 of 80 bytes failed: Only part of a ReadProcessMemory or WriteProcessMemory request was completed. (0x12B)
[0401/145357.468:ERROR:process_memory_win.cc(73)] ReadMemory at 0x2466912a700 of 64 bytes failed: Only part of a ReadProcessMemory or WriteProcessMemory request was completed. (0x12B)
[0401/145357.468:ERROR:process_memory_win.cc(73)] ReadMemory at 0x2466912a750 of 64 bytes failed: Only part of a ReadProcessMemory or WriteProcessMemory request was completed. (0x12B)
[0401/145357.468:ERROR:process_memory_win.cc(73)] ReadMemory at 0x2466912a980 of 60 bytes failed: Only part of a ReadProcessMemory or WriteProcessMemory request was completed. (0x12B)
[0401/145357.468:ERROR:process_memory_win.cc(73)] ReadMemory at 0x2466912a9d0 of 66 bytes failed: Only part of a ReadProcessMemory or WriteProcessMemory request was completed. (0x12B)
[0401/145357.468:ERROR:process_memory_win.cc(73)] ReadMemory at 0x2466912aa20 of 64 bytes failed: Only part of a ReadProcessMemory or WriteProcessMemory request was completed. (0x12B)
[0401/145357.468:ERROR:process_memory_win.cc(73)] ReadMemory at 0x2466912abb0 of 62 bytes failed: Only part of a ReadProcessMemory or WriteProcessMemory request was completed. (0x12B)
[0401/145357.468:ERROR:process_memory_win.cc(73)] ReadMemory at 0x2466912aca0 of 62 bytes failed: Only part of a ReadProcessMemory or WriteProcessMemory request was completed. (0x12B)
[0401/145357.469:ERROR:process_memory_win.cc(73)] ReadMemory at 0x2466912acf0 of 60 bytes failed: Only part of a ReadProcessMemory or WriteProcessMemory request was completed. (0x12B)
[0401/145357.469:ERROR:process_memory_win.cc(73)] ReadMemory at 0x2466912ad90 of 64 bytes failed: Only part of a ReadProcessMemory or WriteProcessMemory request was completed. (0x12B)
[0401/145357.470:ERROR:process_memory_win.cc(73)] ReadMemory at 0x2466912b2c0 of 80 bytes failed: Only part of a ReadProcessMemory or WriteProcessMemory request was completed. (0x12B)
[0401/145357.470:ERROR:process_memory_win.cc(73)] ReadMemory at 0x2466912baa0 of 76 bytes failed: Only part of a ReadProcessMemory or WriteProcessMemory request was completed. (0x12B)
[0401/145357.470:ERROR:process_memory_win.cc(73)] ReadMemory at 0x2466912d5f0 of 132 bytes failed: Only part of a ReadProcessMemory or WriteProcessMemory request was completed. (0x12B)
[0401/145357.470:ERROR:process_memory_win.cc(73)] ReadMemory at 0x2466912e5b0 of 54 bytes failed: Only part of a ReadProcessMemory or WriteProcessMemory request was completed. (0x12B)
[0401/145357.470:ERROR:process_memory_win.cc(73)] ReadMemory at 0x2466912fcc0 of 132 bytes failed: Only part of a ReadProcessMemory or WriteProcessMemory request was completed. (0x12B)
[0401/145357.470:ERROR:process_memory_win.cc(73)] ReadMemory at 0x2466912fed0 of 132 bytes failed: Only part of a ReadProcessMemory or WriteProcessMemory request was completed. (0x12B)
[0401/145357.470:ERROR:process_memory_win.cc(73)] ReadMemory at 0x246691306c0 of 132 bytes failed: Only part of a ReadProcessMemory or WriteProcessMemory request was completed. (0x12B)
[0401/145357.470:ERROR:process_memory_win.cc(73)] ReadMemory at 0x246691325e0 of 132 bytes failed: Only part of a ReadProcessMemory or WriteProcessMemory request was completed. (0x12B)
[0401/145357.470:ERROR:process_memory_win.cc(73)] ReadMemory at 0x24669132710 of 132 bytes failed: Only part of a ReadProcessMemory or WriteProcessMemory request was completed. (0x12B)
[0401/145357.470:ERROR:process_memory_win.cc(73)] ReadMemory at 0x24669132930 of 132 bytes failed: Only part of a ReadProcessMemory or WriteProcessMemory request was completed. (0x12B)
[0401/145357.470:ERROR:process_memory_win.cc(73)] ReadMemory at 0x24669134710 of 132 bytes failed: Only part of a ReadProcessMemory or WriteProcessMemory request was completed. (0x12B)
[0401/145357.470:ERROR:process_memory_win.cc(73)] ReadMemory at 0x24669134840 of 132 bytes failed: Only part of a ReadProcessMemory or WriteProcessMemory request was completed. (0x12B)
[0401/145357.471:ERROR:process_memory_win.cc(73)] ReadMemory at 0x24669134970 of 132 bytes failed: Only part of a ReadProcessMemory or WriteProcessMemory request was completed. (0x12B)
[0401/145357.471:ERROR:process_memory_win.cc(73)] ReadMemory at 0x24669134aa0 of 132 bytes failed: Only part of a ReadProcessMemory or WriteProcessMemory request was completed. (0x12B)
[0401/145357.471:ERROR:process_memory_win.cc(73)] ReadMemory at 0x24669134bd0 of 132 bytes failed: Only part of a ReadProcessMemory or WriteProcessMemory request was completed. (0x12B)
[0401/145357.471:ERROR:process_memory_win.cc(73)] ReadMemory at 0x24669134e30 of 132 bytes failed: Only part of a ReadProcessMemory or WriteProcessMemory request was completed. (0x12B)
[0401/145357.471:ERROR:process_memory_win.cc(73)] ReadMemory at 0x24669134f60 of 132 bytes failed: Only part of a ReadProcessMemory or WriteProcessMemory request was completed. (0x12B)
[0401/145357.471:ERROR:process_memory_win.cc(73)] ReadMemory at 0x24669135090 of 132 bytes failed: Only part of a ReadProcessMemory or WriteProcessMemory request was completed. (0x12B)
[0401/145357.471:ERROR:process_memory_win.cc(73)] ReadMemory at 0x246691351c0 of 132 bytes failed: Only part of a ReadProcessMemory or WriteProcessMemory request was completed. (0x12B)
[0401/145357.471:ERROR:process_memory_win.cc(73)] ReadMemory at 0x246691352f0 of 132 bytes failed: Only part of a ReadProcessMemory or WriteProcessMemory request was completed. (0x12B)
[0401/145357.471:ERROR:process_memory_win.cc(73)] ReadMemory at 0x24669135420 of 132 bytes failed: Only part of a ReadProcessMemory or WriteProcessMemory request was completed. (0x12B)
[0401/145357.471:ERROR:process_memory_win.cc(73)] ReadMemory at 0x24669135550 of 132 bytes failed: Only part of a ReadProcessMemory or WriteProcessMemory request was completed. (0x12B)
[0401/145357.471:ERROR:process_memory_win.cc(73)] ReadMemory at 0x24669135ab0 of 58 bytes failed: Only part of a ReadProcessMemory or WriteProcessMemory request was completed. (0x12B)
[0401/145357.471:ERROR:process_memory_win.cc(73)] ReadMemory at 0x24669135b00 of 64 bytes failed: Only part of a ReadProcessMemory or WriteProcessMemory request was completed. (0x12B)
[0401/145357.471:ERROR:process_memory_win.cc(73)] ReadMemory at 0x24669135c40 of 62 bytes failed: Only part of a ReadProcessMemory or WriteProcessMemory request was completed. (0x12B)
[0401/145357.497:ERROR:process_memory_win.cc(73)] ReadMemory at 0x24669135ce0 of 60 bytes failed: Only part of a ReadProcessMemory or WriteProcessMemory request was completed. (0x12B)
[0401/145357.497:ERROR:process_memory_win.cc(73)] ReadMemory at 0x24669135d30 of 60 bytes failed: Only part of a ReadProcessMemory or WriteProcessMemory request was completed. (0x12B)
[0401/145357.497:ERROR:process_memory_win.cc(73)] ReadMemory at 0x24669135f10 of 62 bytes failed: Only part of a ReadProcessMemory or WriteProcessMemory request was completed. (0x12B)
[0401/145357.497:ERROR:process_memory_win.cc(73)] ReadMemory at 0x24669135f60 of 60 bytes failed: Only part of a ReadProcessMemory or WriteProcessMemory request was completed. (0x12B)
[0401/145357.497:ERROR:process_memory_win.cc(73)] ReadMemory at 0x24669136000 of 62 bytes failed: Only part of a ReadProcessMemory or WriteProcessMemory request was completed. (0x12B)
[0401/145357.497:ERROR:process_memory_win.cc(73)] ReadMemory at 0x24669136140 of 62 bytes failed: Only part of a ReadProcessMemory or WriteProcessMemory request was completed. (0x12B)
[0401/145357.505:ERROR:process_memory_win.cc(73)] ReadMemory at 0x24669136190 of 60 bytes failed: Only part of a ReadProcessMemory or WriteProcessMemory request was completed. (0x12B)
[0401/145357.505:ERROR:process_memory_win.cc(73)] ReadMemory at 0x246691361e0 of 62 bytes failed: Only part of a ReadProcessMemory or WriteProcessMemory request was completed. (0x12B)
[0401/145357.505:ERROR:process_memory_win.cc(73)] ReadMemory at 0x246691362d0 of 64 bytes failed: Only part of a ReadProcessMemory or WriteProcessMemory request was completed. (0x12B)
[0401/145357.505:ERROR:process_memory_win.cc(73)] ReadMemory at 0x24669136730 of 64 bytes failed: Only part of a ReadProcessMemory or WriteProcessMemory request was completed. (0x12B)
[0401/145357.505:ERROR:process_memory_win.cc(73)] ReadMemory at 0x24669136780 of 62 bytes failed: Only part of a ReadProcessMemory or WriteProcessMemory request was completed. (0x12B)
[0401/145357.505:ERROR:process_memory_win.cc(73)] ReadMemory at 0x24669136820 of 64 bytes failed: Only part of a ReadProcessMemory or WriteProcessMemory request was completed. (0x12B)
[0401/145357.505:ERROR:process_memory_win.cc(73)] ReadMemory at 0x24669136870 of 62 bytes failed: Only part of a ReadProcessMemory or WriteProcessMemory request was completed. (0x12B)
[0401/145357.505:ERROR:process_memory_win.cc(73)] ReadMemory at 0x24669136960 of 62 bytes failed: Only part of a ReadProcessMemory or WriteProcessMemory request was completed. (0x12B)
[0401/145357.505:ERROR:process_memory_win.cc(73)] ReadMemory at 0x24669136a00 of 66 bytes failed: Only part of a ReadProcessMemory or WriteProcessMemory request was completed. (0x12B)
[0401/145357.505:ERROR:process_memory_win.cc(73)] ReadMemory at 0x24669136ac0 of 132 bytes failed: Only part of a ReadProcessMemory or WriteProcessMemory request was completed. (0x12B)
[0401/145357.505:ERROR:process_memory_win.cc(73)] ReadMemory at 0x24669136bf0 of 132 bytes failed: Only part of a ReadProcessMemory or WriteProcessMemory request was completed. (0x12B)
[0401/145357.505:ERROR:process_memory_win.cc(73)] ReadMemory at 0x24669136e50 of 132 bytes failed: Only part of a ReadProcessMemory or WriteProcessMemory request was completed. (0x12B)
[0401/145357.505:ERROR:process_memory_win.cc(73)] ReadMemory at 0x24669136f80 of 132 bytes failed: Only part of a ReadProcessMemory or WriteProcessMemory request was completed. (0x12B)
[0401/145357.505:ERROR:process_memory_win.cc(73)] ReadMemory at 0x246691370b0 of 132 bytes failed: Only part of a ReadProcessMemory or WriteProcessMemory request was completed. (0x12B)
[0401/145357.505:ERROR:process_memory_win.cc(73)] ReadMemory at 0x246691377d0 of 132 bytes failed: Only part of a ReadProcessMemory or WriteProcessMemory request was completed. (0x12B)
[0401/145357.505:ERROR:process_memory_win.cc(73)] ReadMemory at 0x24669137ef0 of 132 bytes failed: Only part of a ReadProcessMemory or WriteProcessMemory request was completed. (0x12B)
[0401/145357.505:ERROR:process_memory_win.cc(73)] ReadMemory at 0x246691383b0 of 132 bytes failed: Only part of a ReadProcessMemory or WriteProcessMemory request was completed. (0x12B)
[0401/145357.505:ERROR:process_memory_win.cc(73)] ReadMemory at 0x246691384e0 of 132 bytes failed: Only part of a ReadProcessMemory or WriteProcessMemory request was completed. (0x12B)
[0401/145357.505:ERROR:process_memory_win.cc(73)] ReadMemory at 0x24669138870 of 132 bytes failed: Only part of a ReadProcessMemory or WriteProcessMemory request was completed. (0x12B)
[0401/145357.506:ERROR:process_memory_win.cc(73)] ReadMemory at 0x246691506a0 of 512 bytes failed: Only part of a ReadProcessMemory or WriteProcessMemory request was completed. (0x12B)
[0401/145357.506:ERROR:process_memory_win.cc(73)] ReadMemory at 0x24669151440 of 512 bytes failed: Only part of a ReadProcessMemory or WriteProcessMemory request was completed. (0x12B)
[0401/145357.506:ERROR:process_memory_win.cc(73)] ReadMemory at 0x24669281d80 of 512 bytes failed: Only part of a ReadProcessMemory or WriteProcessMemory request was completed. (0x12B)
[0401/145357.506:ERROR:process_memory_win.cc(73)] ReadMemory at 0x24669585f50 of 512 bytes failed: Only part of a ReadProcessMemory or WriteProcessMemory request was completed. (0x12B)
[0401/145357.506:ERROR:process_memory_win.cc(73)] ReadMemory at 0x2466959f198 of 512 bytes failed: Only part of a ReadProcessMemory or WriteProcessMemory request was completed. (0x12B)
[0401/145357.506:ERROR:process_memory_win.cc(73)] ReadMemory at 0x246695b49e0 of 512 bytes failed: Only part of a ReadProcessMemory or WriteProcessMemory request was completed. (0x12B)
[0401/145357.506:ERROR:process_memory_win.cc(73)] ReadMemory at 0x246695bbcd0 of 712 bytes failed: Only part of a ReadProcessMemory or WriteProcessMemory request was completed. (0x12B)
[0401/145357.506:ERROR:process_memory_win.cc(73)] ReadMemory at 0x246695d7090 of 512 bytes failed: Only part of a ReadProcessMemory or WriteProcessMemory request was completed. (0x12B)
[0401/145357.506:ERROR:process_memory_win.cc(73)] ReadMemory at 0x2466b41d688 of 512 bytes failed: Only part of a ReadProcessMemory or WriteProcessMemory request was completed. (0x12B)
[0401/145357.506:ERROR:process_memory_win.cc(73)] ReadMemory at 0x2466b41d958 of 800 bytes failed: Only part of a ReadProcessMemory or WriteProcessMemory request was completed. (0x12B)
[0401/145357.506:ERROR:process_memory_win.cc(73)] ReadMemory at 0x2466b422b50 of 512 bytes failed: Only part of a ReadProcessMemory or WriteProcessMemory request was completed. (0x12B)
[0401/145357.506:ERROR:process_memory_win.cc(73)] ReadMemory at 0x2466b4bbe00 of 512 bytes failed: Only part of a ReadProcessMemory or WriteProcessMemory request was completed. (0x12B)
[0401/145357.506:ERROR:process_memory_win.cc(73)] ReadMemory at 0x2466b8ba460 of 512 bytes failed: Only part of a ReadProcessMemory or WriteProcessMemory request was completed. (0x12B)
[0401/145357.506:ERROR:process_memory_win.cc(73)] ReadMemory at 0x2466ba8a869 of 512 bytes failed: Only part of a ReadProcessMemory or WriteProcessMemory request was completed. (0x12B)
[0401/145357.506:ERROR:process_memory_win.cc(73)] ReadMemory at 0x2466bab00d0 of 512 bytes failed: Only part of a ReadProcessMemory or WriteProcessMemory request was completed. (0x12B)
[0401/145357.507:ERROR:process_memory_win.cc(73)] ReadMemory at 0x2466db21f40 of 512 bytes failed: Only part of a ReadProcessMemory or WriteProcessMemory request was completed. (0x12B)
[0401/145357.507:ERROR:process_memory_win.cc(73)] ReadMemory at 0x1c9eec64bf80 of 568 bytes failed: Only part of a ReadProcessMemory or WriteProcessMemory request was completed. (0x12B)
[0401/145357.507:ERROR:process_memory_win.cc(73)] ReadMemory at 0x41c21983c13c of 872 bytes failed: Only part of a ReadProcessMemory or WriteProcessMemory request was completed. (0x12B)
[0401/145357.507:ERROR:process_memory_win.cc(73)] ReadMemory at 0x7ffeec587a8d of 512 bytes failed: Only part of a ReadProcessMemory or WriteProcessMemory request was completed. (0x12B)
[0401/145357.507:ERROR:process_memory_win.cc(73)] ReadMemory at 0x7ffeec588285 of 512 bytes failed: Only part of a ReadProcessMemory or WriteProcessMemory request was completed. (0x12B)
[0401/145357.507:ERROR:process_memory_win.cc(73)] ReadMemory at 0x7fff1be5c0c4 of 512 bytes failed: Only part of a ReadProcessMemory or WriteProcessMemory request was completed. (0x12B)
[0401/145357.507:ERROR:process_memory_win.cc(73)] ReadMemory at 0x7fff1be5cb94 of 512 bytes failed: Only part of a ReadProcessMemory or WriteProcessMemory request was completed. (0x12B)
[0401/145357.507:ERROR:process_memory_win.cc(73)] ReadMemory at 0x7fff1be5f974 of 608 bytes failed: Only part of a ReadProcessMemory or WriteProcessMemory request was completed. (0x12B)
[0401/145357.507:ERROR:process_memory_win.cc(73)] ReadMemory at 0x7fff1beec428 of 18 bytes failed: Only part of a ReadProcessMemory or WriteProcessMemory request was completed. (0x12B)
[0401/145357.507:ERROR:process_memory_win.cc(73)] ReadMemory at 0x7fff1bf1f478 of 512 bytes failed: Only part of a ReadProcessMemory or WriteProcessMemory request was completed. (0x12B)
[0401/145357.507:ERROR:process_memory_win.cc(73)] ReadMemory at 0x7fff1bf1f978 of 48 bytes failed: Only part of a ReadProcessMemory or WriteProcessMemory request was completed. (0x12B)
[0401/145357.507:ERROR:process_memory_win.cc(73)] ReadMemory at 0x7fff1bf253c0 of 64 bytes failed: Only part of a ReadProcessMemory or WriteProcessMemory request was completed. (0x12B)
[0401/145357.509:ERROR:scoped_process_suspend.cc(40)] NtResumeProcess: An attempt was made to access an exiting process. (0xc000010a)
